{
  "RSpec": {
    "coverage": {
      "/Users/georgesykes/Projects/MakersAcademy/WeeklyChallenges/Week2/oyster_card/spec/features/oyster_card_feature_spec.rb": [
        1,
        null,
        1,
        null
      ],
      "/Users/georgesykes/Projects/MakersAcademy/WeeklyChallenges/Week2/oyster_card/spec/oyster_card_spec.rb": [
        1,
        3,
        8,
        9,
        null,
        1,
        1,
        1,
        null,
        null,
        1,
        1,
        null,
        null,
        null,
        1,
        1,
        1,
        1,
        1,
        null,
        null,
        1,
        2,
        null,
        null,
        1,
        2,
        null,
        null,
        1,
        2,
        null,
        null,
        null,
        1,
        1,
        1,
        null,
        null,
        null,
        1,
        1,
        1,
        2,
        2,
        null,
        null,
        1,
        1,
        null,
        null,
        1,
        1,
        null,
        null,
        null,
        1,
        1,
        2,
        null,
        null,
        null,
        null,
        1,
        1,
        5,
        5,
        null,
        null,
        1,
        1,
        1,
        null,
        null,
        1,
        4,
        null,
        null,
        1,
        1,
        1,
        null,
        null,
        1,
        1,
        1,
        1,
        null,
        null,
        1,
        1,
        1,
        null,
        null,
        null
      ],
      "/Users/georgesykes/Projects/MakersAcademy/WeeklyChallenges/Week2/oyster_card/spec/station_spec.rb": [
        1,
        1,
        3,
        1,
        3,
        null,
        1,
        1,
        null,
        null,
        1,
        1,
        null,
        1,
        1,
        2,
        null,
        null,
        null,
        null
      ]
    },
    "timestamp": 1524556260
  }
}
